Determining if the pthread_create exist failed with the following output:
Change Dir: /home/aantonov/project2/build/CMakeFiles/CMakeTmp

Run Build Command:"/usr/bin/make" "cmTC_b6035/fast"
/usr/bin/make -f CMakeFiles/cmTC_b6035.dir/build.make CMakeFiles/cmTC_b6035.dir/build
make[1]: вход в каталог «/home/aantonov/project2/build/CMakeFiles/CMakeTmp»
Building C object CMakeFiles/cmTC_b6035.dir/CheckSymbolExists.c.o
/usr/bin/cc    -o CMakeFiles/cmTC_b6035.dir/CheckSymbolExists.c.o   -c /home/aantonov/project2/build/CMakeFiles/CMakeTmp/CheckSymbolExists.c
Linking C executable cmTC_b6035
/usr/bin/cmake -E cmake_link_script CMakeFiles/cmTC_b6035.dir/link.txt --verbose=1
/usr/bin/cc      -rdynamic CMakeFiles/cmTC_b6035.dir/CheckSymbolExists.c.o  -o cmTC_b6035 
CMakeFiles/cmTC_b6035.dir/CheckSymbolExists.c.o: In function `main':
CheckSymbolExists.c:(.text+0x1b): undefined reference to `pthread_create'
collect2: error: ld returned 1 exit status
CMakeFiles/cmTC_b6035.dir/build.make:97: recipe for target 'cmTC_b6035' failed
make[1]: *** [cmTC_b6035] Error 1
make[1]: выход из каталога «/home/aantonov/project2/build/CMakeFiles/CMakeTmp»
Makefile:126: recipe for target 'cmTC_b6035/fast' failed
make: *** [cmTC_b6035/fast] Error 2

File /home/aantonov/project2/build/CMakeFiles/CMakeTmp/CheckSymbolExists.c:
/* */
#include <pthread.h>

int main(int argc, char** argv)
{
  (void)argv;
#ifndef pthread_create
  return ((int*)(&pthread_create))[argc];
#else
  (void)argc;
  return 0;
#endif
}

Determining if the function pthread_create exists in the pthreads failed with the following output:
Change Dir: /home/aantonov/project2/build/CMakeFiles/CMakeTmp

Run Build Command:"/usr/bin/make" "cmTC_5471e/fast"
/usr/bin/make -f CMakeFiles/cmTC_5471e.dir/build.make CMakeFiles/cmTC_5471e.dir/build
make[1]: вход в каталог «/home/aantonov/project2/build/CMakeFiles/CMakeTmp»
Building C object CMakeFiles/cmTC_5471e.dir/CheckFunctionExists.c.o
/usr/bin/cc   -DCHECK_FUNCTION_EXISTS=pthread_create   -o CMakeFiles/cmTC_5471e.dir/CheckFunctionExists.c.o   -c /usr/share/cmake-3.10/Modules/CheckFunctionExists.c
Linking C executable cmTC_5471e
/usr/bin/cmake -E cmake_link_script CMakeFiles/cmTC_5471e.dir/link.txt --verbose=1
/usr/bin/cc  -DCHECK_FUNCTION_EXISTS=pthread_create    -rdynamic CMakeFiles/cmTC_5471e.dir/CheckFunctionExists.c.o  -o cmTC_5471e -lpthreads 
/usr/bin/ld: cannot find -lpthreads
collect2: error: ld returned 1 exit status
CMakeFiles/cmTC_5471e.dir/build.make:97: recipe for target 'cmTC_5471e' failed
make[1]: *** [cmTC_5471e] Error 1
make[1]: выход из каталога «/home/aantonov/project2/build/CMakeFiles/CMakeTmp»
Makefile:126: recipe for target 'cmTC_5471e/fast' failed
make: *** [cmTC_5471e/fast] Error 2


